z:\gitprojeke\belegcomputergrafik\sogoappopengl\sogoappopengl\debug\vc140.pdb
z:\gitprojeke\belegcomputergrafik\sogoappopengl\sogoappopengl\debug\stdafx.obj
z:\gitprojeke\belegcomputergrafik\sogoappopengl\sogoappopengl\debug\objects.obj
z:\gitprojeke\belegcomputergrafik\sogoappopengl\sogoappopengl\debug\objloader.obj
z:\gitprojeke\belegcomputergrafik\sogoappopengl\sogoappopengl\debug\shader.obj
z:\gitprojeke\belegcomputergrafik\sogoappopengl\sogoappopengl\debug\texture.obj
z:\gitprojeke\belegcomputergrafik\sogoappopengl\sogoappopengl\debug\sogoappopengl.obj
z:\gitprojeke\belegcomputergrafik\sogoappopengl\sogoappopengl\debug\sogoappopengl.pch
z:\gitprojeke\belegcomputergrafik\sogoappopengl\sogoappopengl\debug\vc140.idb
z:\gitprojeke\belegcomputergrafik\sogoappopengl\debug\sogoappopengl.pdb
z:\gitprojeke\belegcomputergrafik\sogoappopengl\sogoappopengl\debug\sogoappopengl.tlog\cl.read.1.tlog
z:\gitprojeke\belegcomputergrafik\sogoappopengl\sogoappopengl\debug\sogoappopengl.tlog\cl.write.1.tlog
z:\gitprojeke\belegcomputergrafik\sogoappopengl\sogoappopengl\debug\sogoappopengl.tlog\cl.command.1.tlog
z:\gitprojeke\belegcomputergrafik\sogoappopengl\sogoappopengl\debug\sogoappopengl.tlog\link.read.2.tlog
z:\gitprojeke\belegcomputergrafik\sogoappopengl\sogoappopengl\debug\sogoappopengl.tlog\link.write.1.tlog
z:\gitprojeke\belegcomputergrafik\sogoappopengl\sogoappopengl\debug\sogoappopengl.tlog\link.command.1.tlog
z:\gitprojeke\belegcomputergrafik\sogoappopengl\sogoappopengl\debug\sogoappopengl.tlog\link.read.1.tlog
z:\gitprojeke\belegcomputergrafik\sogoappopengl\sogoappopengl\debug\sogoappopengl.tlog\link-rc.read.1.tlog
z:\gitprojeke\belegcomputergrafik\sogoappopengl\sogoappopengl\debug\sogoappopengl.tlog\link-rc.write.1.tlog
z:\gitprojeke\belegcomputergrafik\sogoappopengl\sogoappopengl\debug\sogoappopengl.tlog\link-cvtres.read.1.tlog
z:\gitprojeke\belegcomputergrafik\sogoappopengl\sogoappopengl\debug\sogoappopengl.tlog\link-cvtres.write.1.tlog
